[2024-08-25T19:34:00.828+0000] {local_task_job_runner.py:120} INFO - ::group::Pre task execution logs
[2024-08-25T19:34:00.843+0000] {taskinstance.py:2073} INFO - Dependencies all met for dep_context=non-requeueable deps ti=<TaskInstance: python_kubernetes_workflow_v2.task-1 scheduled__2024-08-25T19:33:00+00:00 [queued]>
[2024-08-25T19:34:00.850+0000] {taskinstance.py:2073} INFO - Dependencies all met for dep_context=requeueable deps ti=<TaskInstance: python_kubernetes_workflow_v2.task-1 scheduled__2024-08-25T19:33:00+00:00 [queued]>
[2024-08-25T19:34:00.851+0000] {taskinstance.py:2303} INFO - Starting attempt 1 of 2
[2024-08-25T19:34:00.983+0000] {taskinstance.py:2327} INFO - Executing <Task(KubernetesPodOperator): task-1> on 2024-08-25 19:33:00+00:00
[2024-08-25T19:34:00.991+0000] {logging_mixin.py:188} WARNING - /home/***/.local/lib/python3.12/site-packages/***/task/task_runner/standard_task_runner.py:61 DeprecationWarning: This process (pid=236) is multi-threaded, use of fork() may lead to deadlocks in the child.
[2024-08-25T19:34:00.992+0000] {standard_task_runner.py:63} INFO - Started process 238 to run task
[2024-08-25T19:34:00.991+0000] {standard_task_runner.py:90} INFO - Running: ['***', 'tasks', 'run', 'python_kubernetes_workflow_v2', 'task-1', 'scheduled__2024-08-25T19:33:00+00:00', '--job-id', '6', '--raw', '--subdir', 'DAGS_FOLDER/***-dags/testedag.py', '--cfg-path', '/tmp/tmpk4x7zl8e']
[2024-08-25T19:34:00.993+0000] {standard_task_runner.py:91} INFO - Job 6: Subtask task-1
[2024-08-25T19:34:01.041+0000] {task_command.py:426} INFO - Running <TaskInstance: python_kubernetes_workflow_v2.task-1 scheduled__2024-08-25T19:33:00+00:00 [running]> on host 3547c55a8384
[2024-08-25T19:34:01.129+0000] {taskinstance.py:2644} INFO - Exporting env vars: AIRFLOW_CTX_DAG_EMAIL='***@example.com' AIRFLOW_CTX_DAG_OWNER='***' AIRFLOW_CTX_DAG_ID='python_kubernetes_workflow_v2' AIRFLOW_CTX_TASK_ID='task-1' AIRFLOW_CTX_EXECUTION_DATE='2024-08-25T19:33:00+00:00' AIRFLOW_CTX_TRY_NUMBER='1' AIRFLOW_CTX_DAG_RUN_ID='scheduled__2024-08-25T19:33:00+00:00'
[2024-08-25T19:34:01.130+0000] {taskinstance.py:430} INFO - ::endgroup::
[2024-08-25T19:34:01.134+0000] {logging_mixin.py:188} WARNING - /home/***/.local/lib/python3.12/site-packages/***/providers/cncf/kubernetes/operators/pod.py:1038 AirflowProviderDeprecationWarning: This function is deprecated. Please use `add_unique_suffix`.
[2024-08-25T19:34:01.135+0000] {pod.py:1057} INFO - Building pod task-1-pvikl5bk with labels: {'dag_id': 'python_kubernetes_workflow_v2', 'task_id': 'task-1', 'run_id': 'scheduled__2024-08-25T1933000000-e58258798', 'kubernetes_pod_operator': 'True', 'try_number': '1'}
[2024-08-25T19:34:02.278+0000] {pod.py:526} INFO - Found matching pod task-1-pvikl5bk with labels {'airflow_kpo_in_cluster': 'False', 'airflow_version': '2.9.0', 'dag_id': 'python_kubernetes_workflow_v2', 'foo': 'bar', 'kubernetes_pod_operator': 'True', 'run_id': 'scheduled__2024-08-25T1933000000-e58258798', 'task_id': 'task-1', 'try_number': '1'}
[2024-08-25T19:34:02.279+0000] {pod.py:527} INFO - `try_number` of task_instance: 1
[2024-08-25T19:34:02.279+0000] {pod.py:528} INFO - `try_number` of pod: 1
[2024-08-25T19:34:02.482+0000] {pod_manager.py:373} WARNING - Pod not yet started: task-1-pvikl5bk
[2024-08-25T19:34:03.712+0000] {pod_manager.py:373} WARNING - Pod not yet started: task-1-pvikl5bk
[2024-08-25T19:34:04.939+0000] {pod_manager.py:373} WARNING - Pod not yet started: task-1-pvikl5bk
[2024-08-25T19:34:06.169+0000] {pod_manager.py:373} WARNING - Pod not yet started: task-1-pvikl5bk
[2024-08-25T19:34:07.393+0000] {pod_manager.py:373} WARNING - Pod not yet started: task-1-pvikl5bk
[2024-08-25T19:34:08.622+0000] {pod_manager.py:373} WARNING - Pod not yet started: task-1-pvikl5bk
[2024-08-25T19:34:09.791+0000] {pod_manager.py:373} WARNING - Pod not yet started: task-1-pvikl5bk
[2024-08-25T19:34:10.976+0000] {pod_manager.py:373} WARNING - Pod not yet started: task-1-pvikl5bk
[2024-08-25T19:34:12.205+0000] {pod_manager.py:373} WARNING - Pod not yet started: task-1-pvikl5bk
[2024-08-25T19:34:13.434+0000] {pod_manager.py:373} WARNING - Pod not yet started: task-1-pvikl5bk
[2024-08-25T19:34:14.603+0000] {pod_manager.py:373} WARNING - Pod not yet started: task-1-pvikl5bk
[2024-08-25T19:34:15.793+0000] {pod_manager.py:373} WARNING - Pod not yet started: task-1-pvikl5bk
[2024-08-25T19:34:17.024+0000] {pod_manager.py:373} WARNING - Pod not yet started: task-1-pvikl5bk
[2024-08-25T19:34:18.208+0000] {pod_manager.py:373} WARNING - Pod not yet started: task-1-pvikl5bk
[2024-08-25T19:34:19.384+0000] {pod_manager.py:373} WARNING - Pod not yet started: task-1-pvikl5bk
[2024-08-25T19:34:21.323+0000] {pod_manager.py:373} WARNING - Pod not yet started: task-1-pvikl5bk
[2024-08-25T19:34:22.551+0000] {pod_manager.py:373} WARNING - Pod not yet started: task-1-pvikl5bk
[2024-08-25T19:34:23.780+0000] {pod_manager.py:373} WARNING - Pod not yet started: task-1-pvikl5bk
[2024-08-25T19:34:25.012+0000] {pod_manager.py:373} WARNING - Pod not yet started: task-1-pvikl5bk
[2024-08-25T19:34:26.239+0000] {pod_manager.py:373} WARNING - Pod not yet started: task-1-pvikl5bk
[2024-08-25T19:34:28.646+0000] {pod_manager.py:483} INFO - [base] hello task 1 ..................

[2024-08-25T19:34:29.516+0000] {pod.py:911} INFO - Deleting pod: task-1-pvikl5bk
[2024-08-25T19:34:29.716+0000] {taskinstance.py:441} INFO - ::group::Post task execution logs
[2024-08-25T19:34:29.726+0000] {taskinstance.py:1205} INFO - Marking task as SUCCESS. dag_id=python_kubernetes_workflow_v2, task_id=task-1, execution_date=20240825T193300, start_date=20240825T193400, end_date=20240825T193429
[2024-08-25T19:34:29.759+0000] {local_task_job_runner.py:240} INFO - Task exited with return code 0
[2024-08-25T19:34:29.786+0000] {taskinstance.py:3482} INFO - 0 downstream tasks scheduled from follow-on schedule check
[2024-08-25T19:34:29.788+0000] {local_task_job_runner.py:222} INFO - ::endgroup::
